[0m19:59:34.537735 [debug] [MainThread]: Sending event: {'category': 'dbt', 'action': 'invocation', 'label': 'start', 'context': [<snowplow_tracker.self_describing_json.SelfDescribingJson object at 0x00000206DDF11D60>, <snowplow_tracker.self_describing_json.SelfDescribingJson object at 0x00000206DDF130E0>, <snowplow_tracker.self_describing_json.SelfDescribingJson object at 0x00000206DDF11CD0>]}


============================== 19:59:34.562595 | 8d14794f-243a-41d8-be70-8c7974b90e3a ==============================
[0m19:59:34.562595 [info ] [MainThread]: Running with dbt=1.11.2
[0m19:59:34.564555 [debug] [MainThread]: running dbt with arguments {'static_parser': 'True', 'no_print': 'None', 'version_check': 'True', 'warn_error_options': 'WarnErrorOptionsV2(error=[], warn=[], silence=[])', 'target_path': 'None', 'printer_width': '80', 'write_json': 'True', 'empty': 'None', 'log_cache_events': 'False', 'introspect': 'True', 'cache_selected_only': 'False', 'log_format': 'default', 'debug': 'False', 'fail_fast': 'False', 'partial_parse': 'True', 'send_anonymous_usage_stats': 'True', 'quiet': 'False', 'warn_error': 'None', 'profiles_dir': 'C:\\Users\\Administrator\\.dbt', 'indirect_selection': 'eager', 'invocation_command': 'dbt init', 'use_colors': 'True', 'use_experimental_parser': 'False', 'log_path': 'logs'}
[0m19:59:34.611082 [info ] [MainThread]: Creating dbt configuration folder at C:\Users\Administrator\.dbt
[0m20:01:15.524294 [debug] [MainThread]: Starter project path: C:\Users\Administrator\AppData\Roaming\Python\Python312\site-packages\dbt\include\starter_project
[0m20:01:15.569382 [info ] [MainThread]: 
Your new dbt project "custom_postgres" was created!

For more information on how to configure the profiles.yml file,
please consult the dbt documentation here:

  https://docs.getdbt.com/docs/configure-your-profile

One more thing:

Need help? Don't hesitate to reach out to us via GitHub issues or on Slack:

  https://community.getdbt.com/

Happy modeling!

[0m20:01:15.571820 [info ] [MainThread]: Setting up your profile.
[0m20:10:50.624027 [info ] [MainThread]: Profile custom_postgres written to C:\Users\Administrator\.dbt\profiles.yml using target's profile_template.yml and your supplied values. Run 'dbt debug' to validate the connection.
[0m20:10:50.630557 [debug] [MainThread]: Command `dbt init` succeeded at 20:10:50.629568 after 676.39 seconds
[0m20:10:50.632559 [debug] [MainThread]: Sending event: {'category': 'dbt', 'action': 'invocation', 'label': 'end', 'context': [<snowplow_tracker.self_describing_json.SelfDescribingJson object at 0x00000206DE384200>, <snowplow_tracker.self_describing_json.SelfDescribingJson object at 0x00000206DE384260>, <snowplow_tracker.self_describing_json.SelfDescribingJson object at 0x00000206DE384770>]}
[0m20:10:50.634572 [debug] [MainThread]: Flushing usage events
[0m20:10:52.951783 [debug] [MainThread]: An error was encountered while trying to flush usage events
[0m20:11:56.361147 [debug] [MainThread]: Sending event: {'category': 'dbt', 'action': 'invocation', 'label': 'start', 'context': [<snowplow_tracker.self_describing_json.SelfDescribingJson object at 0x00000218D98D3470>, <snowplow_tracker.self_describing_json.SelfDescribingJson object at 0x00000218D98D1040>, <snowplow_tracker.self_describing_json.SelfDescribingJson object at 0x00000218D98D2B40>]}


============================== 20:11:56.376151 | b6f126b4-cb3b-4d47-9ff0-272ed4225a10 ==============================
[0m20:11:56.376151 [info ] [MainThread]: Running with dbt=1.11.2
[0m20:11:56.378145 [debug] [MainThread]: running dbt with arguments {'version_check': 'True', 'no_print': 'None', 'static_parser': 'True', 'target_path': 'None', 'warn_error_options': 'WarnErrorOptionsV2(error=[], warn=[], silence=[])', 'printer_width': '80', 'write_json': 'True', 'introspect': 'True', 'log_cache_events': 'False', 'empty': 'None', 'cache_selected_only': 'False', 'fail_fast': 'False', 'debug': 'False', 'log_format': 'default', 'profiles_dir': 'C:\\Users\\Administrator\\.dbt', 'send_anonymous_usage_stats': 'True', 'quiet': 'False', 'warn_error': 'None', 'partial_parse': 'True', 'use_colors': 'True', 'invocation_command': 'dbt debug', 'indirect_selection': 'eager', 'use_experimental_parser': 'False', 'log_path': 'logs'}
[0m20:11:56.414147 [info ] [MainThread]: dbt version: 1.11.2
[0m20:11:56.417153 [info ] [MainThread]: python version: 3.12.5
[0m20:11:56.418617 [info ] [MainThread]: python path: C:\Python312\python.exe
[0m20:11:56.420618 [info ] [MainThread]: os info: Windows-11-10.0.26200-SP0
[0m20:11:56.534327 [info ] [MainThread]: Using profiles dir at C:\Users\Administrator\.dbt
[0m20:11:56.535305 [info ] [MainThread]: Using profiles.yml file at C:\Users\Administrator\.dbt\profiles.yml
[0m20:11:56.536165 [info ] [MainThread]: Using dbt_project.yml file at C:\Users\Public\elt\dbt_project.yml
[0m20:11:56.537779 [info ] [MainThread]: adapter type: postgres
[0m20:11:56.538831 [info ] [MainThread]: adapter version: 1.10.0
[0m20:11:56.540243 [info ] [MainThread]: Configuration:
[0m20:11:56.541225 [info ] [MainThread]:   profiles.yml file [[32mOK found and valid[0m]
[0m20:11:56.543946 [info ] [MainThread]:   dbt_project.yml file [[31mERROR not found[0m]
[0m20:11:56.545560 [info ] [MainThread]: Required dependencies:
[0m20:11:56.547151 [debug] [MainThread]: Executing "git --help"
[0m20:11:56.717150 [debug] [MainThread]: STDOUT: "b"usage: git [-v | --version] [-h | --help] [-C <path>] [-c <name>=<value>]\n           [--exec-path[=<path>]] [--html-path] [--man-path] [--info-path]\n           [-p | --paginate | -P | --no-pager] [--no-replace-objects] [--no-lazy-fetch]\n           [--no-optional-locks] [--no-advice] [--bare] [--git-dir=<path>]\n           [--work-tree=<path>] [--namespace=<name>] [--config-env=<name>=<envvar>]\n           <command> [<args>]\n\nThese are common Git commands used in various situations:\n\nstart a working area (see also: git help tutorial)\n   clone     Clone a repository into a new directory\n   init      Create an empty Git repository or reinitialize an existing one\n\nwork on the current change (see also: git help everyday)\n   add       Add file contents to the index\n   mv        Move or rename a file, a directory, or a symlink\n   restore   Restore working tree files\n   rm        Remove files from the working tree and from the index\n\nexamine the history and state (see also: git help revisions)\n   bisect    Use binary search to find the commit that introduced a bug\n   diff      Show changes between commits, commit and working tree, etc\n   grep      Print lines matching a pattern\n   log       Show commit logs\n   show      Show various types of objects\n   status    Show the working tree status\n\ngrow, mark and tweak your common history\n   branch    List, create, or delete branches\n   commit    Record changes to the repository\n   merge     Join two or more development histories together\n   rebase    Reapply commits on top of another base tip\n   reset     Reset current HEAD to the specified state\n   switch    Switch branches\n   tag       Create, list, delete or verify a tag object signed with GPG\n\ncollaborate (see also: git help workflows)\n   fetch     Download objects and refs from another repository\n   pull      Fetch from and integrate with another repository or a local branch\n   push      Update remote refs along with associated objects\n\n'git help -a' and 'git help -g' list available subcommands and some\nconcept guides. See 'git help <command>' or 'git help <concept>'\nto read about a specific subcommand or concept.\nSee 'git help git' for an overview of the system.\n""
[0m20:11:56.718120 [debug] [MainThread]: STDERR: "b''"
[0m20:11:56.719115 [info ] [MainThread]:  - git [[32mOK found[0m]

[0m20:11:56.720120 [info ] [MainThread]: Connection:
[0m20:11:56.721113 [info ] [MainThread]:   host: localhost
[0m20:11:56.722113 [info ] [MainThread]:   port: 5434
[0m20:11:56.723109 [info ] [MainThread]:   user: postgres
[0m20:11:56.724110 [info ] [MainThread]:   database: destination_db
[0m20:11:56.725107 [info ] [MainThread]:   schema: dbt
[0m20:11:56.725107 [info ] [MainThread]:   connect_timeout: 10
[0m20:11:56.727432 [info ] [MainThread]:   role: None
[0m20:11:56.728410 [info ] [MainThread]:   search_path: None
[0m20:11:56.729398 [info ] [MainThread]:   keepalives_idle: 0
[0m20:11:56.730446 [info ] [MainThread]:   sslmode: None
[0m20:11:56.732880 [info ] [MainThread]:   sslcert: None
[0m20:11:56.734117 [info ] [MainThread]:   sslkey: None
[0m20:11:56.735120 [info ] [MainThread]:   sslrootcert: None
[0m20:11:56.736121 [info ] [MainThread]:   application_name: dbt
[0m20:11:56.737513 [info ] [MainThread]:   retries: 1
[0m20:11:56.739538 [info ] [MainThread]: Registered adapter: postgres=1.10.0
[0m20:11:57.926108 [debug] [MainThread]: Acquiring new postgres connection 'debug'
[0m20:11:58.969877 [debug] [MainThread]: Using postgres connection "debug"
[0m20:11:58.970885 [debug] [MainThread]: On debug: select 1 as id
[0m20:11:58.971877 [debug] [MainThread]: Opening a new connection, currently in state init
[0m20:12:03.097311 [debug] [MainThread]: Postgres adapter: Got a retryable error when attempting to open a postgres connection.
1 attempts remaining. Retrying in 0 seconds.
Error:
connection to server at "localhost" (::1), port 5434 failed: Connection refused (0x0000274D/10061)
	Is the server running on that host and accepting TCP/IP connections?
connection to server at "localhost" (127.0.0.1), port 5434 failed: Connection refused (0x0000274D/10061)
	Is the server running on that host and accepting TCP/IP connections?

[0m20:12:07.190917 [debug] [MainThread]: Postgres adapter: Error running SQL: select 1 as id
[0m20:12:07.192913 [debug] [MainThread]: Postgres adapter: Rolling back transaction.
[0m20:12:07.194908 [debug] [MainThread]: On debug: No close available on handle
[0m20:12:07.196913 [info ] [MainThread]:   Connection test: [[31mERROR[0m]

[0m20:12:07.199843 [info ] [MainThread]: [31m2 checks failed:[0m
[0m20:12:07.201836 [info ] [MainThread]: Project loading failed for the following reason:
 project path <C:\Users\Public\elt\dbt_project.yml> not found

[0m20:12:07.203980 [info ] [MainThread]: dbt was unable to connect to the specified database.
The database returned the following error:

  >Database Error
  connection to server at "localhost" (::1), port 5434 failed: Connection refused (0x0000274D/10061)
  	Is the server running on that host and accepting TCP/IP connections?
  connection to server at "localhost" (127.0.0.1), port 5434 failed: Connection refused (0x0000274D/10061)
  	Is the server running on that host and accepting TCP/IP connections?
  

Check your database credentials and try again. For more information, visit:
https://docs.getdbt.com/docs/configure-your-profile


[0m20:12:07.264147 [debug] [MainThread]: Command `dbt debug` failed at 20:12:07.262845 after 11.15 seconds
[0m20:12:07.266259 [debug] [MainThread]: Connection 'debug' was properly closed.
[0m20:12:07.268260 [debug] [MainThread]: Sending event: {'category': 'dbt', 'action': 'invocation', 'label': 'end', 'context': [<snowplow_tracker.self_describing_json.SelfDescribingJson object at 0x00000218D6F98200>, <snowplow_tracker.self_describing_json.SelfDescribingJson object at 0x00000218D89BDB50>, <snowplow_tracker.self_describing_json.SelfDescribingJson object at 0x00000218D926C200>]}
[0m20:12:07.271527 [debug] [MainThread]: Flushing usage events
[0m20:12:09.215918 [debug] [MainThread]: An error was encountered while trying to flush usage events
